2026-06-20 11:33:05,836 INFO Starting STEP 5G pretrained tiny baseline.
2026-06-20 11:33:05,855 INFO No small/base, UPerNet, DARN, STURM-Flood, physics loss, or raw-data modification will be started.
2026-06-20 11:33:06,513 INFO Downloading official TerraMind tiny checkpoint from https://huggingface.co/ibm-esa-geospatial/TerraMind-1.0-tiny/resolve/main/TerraMind_v1_tiny.pt
2026-06-20 11:33:07,438 INFO Downloaded 32.0 MiB
2026-06-20 11:33:08,124 INFO Downloaded 64.0 MiB
2026-06-20 11:33:08,534 INFO Downloaded 96.0 MiB
2026-06-20 11:33:09,036 INFO Downloaded 128.0 MiB
2026-06-20 11:33:09,607 INFO Downloaded 160.0 MiB
2026-06-20 11:33:10,109 INFO Downloaded 192.0 MiB
2026-06-20 11:33:10,718 INFO Verified official TerraMind tiny checkpoint at E:\flood_research\experiments\terramind_baseline\checkpoints\pretrained\TerraMind_v1_tiny.pt
2026-06-20 11:33:10,737 INFO Smoke-loading TerraMind tiny with local backbone_ckpt_path=E:\flood_research\experiments\terramind_baseline\checkpoints\pretrained\TerraMind_v1_tiny.pt
2026-06-20 11:33:22,678 INFO Pretrained load smoke test complete.
2026-06-20 11:34:29,608 INFO epoch=1 train_loss=0.593315 val_loss=0.504826 val_miou=0.680087 val_iou_water=0.477918 precision=32
2026-06-20 11:35:18,659 INFO epoch=2 train_loss=0.423984 val_loss=0.272570 val_miou=0.813331 val_iou_water=0.670982 precision=32
2026-06-20 11:36:07,477 INFO epoch=3 train_loss=0.346167 val_loss=0.370699 val_miou=0.755547 val_iou_water=0.587698 precision=32
2026-06-20 11:36:55,805 INFO epoch=4 train_loss=0.284154 val_loss=0.193771 val_miou=0.813649 val_iou_water=0.669793 precision=32
2026-06-20 11:37:44,734 INFO epoch=5 train_loss=0.241735 val_loss=0.174281 val_miou=0.827025 val_iou_water=0.694335 precision=32
2026-06-20 11:38:09,138 INFO Saved 86 valid predictions to E:\flood_research\experiments\terramind_baseline\runs\step5g_tiny_unetdecoder_pretrained\predictions\valid
2026-06-20 11:38:09,140 INFO Running evaluator: E:\flood_research\venvs\terramind-gpu\Scripts\python.exe C:\Users\Karim\Desktop\flood-segmentation-training\physics-informed-flood-segmentation\scripts\05_evaluate_predictions.py --prediction-dir E:\flood_research\experiments\terramind_baseline\runs\step5g_tiny_unetdecoder_pretrained\predictions\valid --manifest-csv E:\flood_research\experiments\terramind_baseline\runs\step5e_tiny_unetdecoder_baseline\manifests\sen1floods11_handlabeled_index_e_paths.csv --output-csv E:\flood_research\experiments\terramind_baseline\runs\step5g_tiny_unetdecoder_pretrained\metrics\valid_per_tile_metrics.csv --output-grouped-csv E:\flood_research\experiments\terramind_baseline\runs\step5g_tiny_unetdecoder_pretrained\metrics\valid_grouped_metrics.csv --output-summary-json E:\flood_research\experiments\terramind_baseline\runs\step5g_tiny_unetdecoder_pretrained\metrics\valid_summary.json --split valid
2026-06-20 11:38:34,865 INFO Saved 89 test predictions to E:\flood_research\experiments\terramind_baseline\runs\step5g_tiny_unetdecoder_pretrained\predictions\test
2026-06-20 11:38:34,872 INFO Running evaluator: E:\flood_research\venvs\terramind-gpu\Scripts\python.exe C:\Users\Karim\Desktop\flood-segmentation-training\physics-informed-flood-segmentation\scripts\05_evaluate_predictions.py --prediction-dir E:\flood_research\experiments\terramind_baseline\runs\step5g_tiny_unetdecoder_pretrained\predictions\test --manifest-csv E:\flood_research\experiments\terramind_baseline\runs\step5e_tiny_unetdecoder_baseline\manifests\sen1floods11_handlabeled_index_e_paths.csv --output-csv E:\flood_research\experiments\terramind_baseline\runs\step5g_tiny_unetdecoder_pretrained\metrics\test_per_tile_metrics.csv --output-grouped-csv E:\flood_research\experiments\terramind_baseline\runs\step5g_tiny_unetdecoder_pretrained\metrics\test_grouped_metrics.csv --output-summary-json E:\flood_research\experiments\terramind_baseline\runs\step5g_tiny_unetdecoder_pretrained\metrics\test_summary.json --split test
2026-06-20 11:38:43,522 INFO Saved 15 bolivia predictions to E:\flood_research\experiments\terramind_baseline\runs\step5g_tiny_unetdecoder_pretrained\predictions\bolivia
2026-06-20 11:38:43,527 INFO Running evaluator: E:\flood_research\venvs\terramind-gpu\Scripts\python.exe C:\Users\Karim\Desktop\flood-segmentation-training\physics-informed-flood-segmentation\scripts\05_evaluate_predictions.py --prediction-dir E:\flood_research\experiments\terramind_baseline\runs\step5g_tiny_unetdecoder_pretrained\predictions\bolivia --manifest-csv E:\flood_research\experiments\terramind_baseline\runs\step5e_tiny_unetdecoder_baseline\manifests\sen1floods11_handlabeled_index_e_paths.csv --output-csv E:\flood_research\experiments\terramind_baseline\runs\step5g_tiny_unetdecoder_pretrained\metrics\bolivia_per_tile_metrics.csv --output-grouped-csv E:\flood_research\experiments\terramind_baseline\runs\step5g_tiny_unetdecoder_pretrained\metrics\bolivia_grouped_metrics.csv --output-summary-json E:\flood_research\experiments\terramind_baseline\runs\step5g_tiny_unetdecoder_pretrained\metrics\bolivia_summary.json --split bolivia
2026-06-20 11:38:44,197 INFO STEP 5G complete. Human validation required before starting STEP 5H — scale TerraMind baseline to small/base.
