2026-06-20 18:01:21,247 INFO Starting STEP 5O long/fair classical TerraMind-L pretrained + UPerNet training.
2026-06-20 18:01:21,284 INFO No physics loss, DARN, STURM-Flood training, architecture experiment, raw-data modification, or STEP 5N overwrite will be started.
2026-06-20 18:01:47,597 INFO STEP 5O pre-training smoke: forward, backward, and one AdamW step on a disposable model.
2026-06-20 18:02:33,160 INFO STEP 5O pre-training smoke OK: loss=474.593903 peak_alloc=5322.84 MB
2026-06-20 18:05:20,311 INFO epoch=1 train_loss=14.622741 val_loss=0.151350 val_miou=0.720832 val_iou_water=0.501405 val_f1_water=0.667914 lr=0.00010000 next_lr=0.00010000 no_improve=0 precision=32 bn_eval=13
2026-06-20 18:07:40,824 INFO epoch=2 train_loss=0.163670 val_loss=0.167597 val_miou=0.733873 val_iou_water=0.524931 val_f1_water=0.688466 lr=0.00010000 next_lr=0.00010000 no_improve=0 precision=32 bn_eval=13
2026-06-20 18:09:59,178 INFO epoch=3 train_loss=0.169996 val_loss=0.143441 val_miou=0.781829 val_iou_water=0.624797 val_f1_water=0.769077 lr=0.00010000 next_lr=0.00010000 no_improve=0 precision=32 bn_eval=13
2026-06-20 18:12:22,313 INFO epoch=4 train_loss=0.181611 val_loss=0.122197 val_miou=0.783984 val_iou_water=0.616292 val_f1_water=0.762600 lr=0.00010000 next_lr=0.00010000 no_improve=0 precision=32 bn_eval=13
2026-06-20 18:14:43,232 INFO epoch=5 train_loss=0.140266 val_loss=0.112859 val_miou=0.821221 val_iou_water=0.685686 val_f1_water=0.813540 lr=0.00010000 next_lr=0.00010000 no_improve=0 precision=32 bn_eval=13
2026-06-20 18:17:06,125 INFO epoch=6 train_loss=0.158840 val_loss=0.157985 val_miou=0.800529 val_iou_water=0.652257 val_f1_water=0.789535 lr=0.00010000 next_lr=0.00010000 no_improve=1 precision=32 bn_eval=13
2026-06-20 18:19:15,294 INFO epoch=7 train_loss=0.226295 val_loss=0.118889 val_miou=0.811994 val_iou_water=0.667121 val_f1_water=0.800327 lr=0.00010000 next_lr=0.00010000 no_improve=2 precision=32 bn_eval=13
2026-06-20 18:21:24,011 INFO epoch=8 train_loss=0.145579 val_loss=0.118291 val_miou=0.812695 val_iou_water=0.669124 val_f1_water=0.801766 lr=0.00010000 next_lr=0.00010000 no_improve=3 precision=32 bn_eval=13
2026-06-20 18:23:33,337 INFO epoch=9 train_loss=0.149019 val_loss=0.124705 val_miou=0.804415 val_iou_water=0.653619 val_f1_water=0.790532 lr=0.00010000 next_lr=0.00005000 no_improve=4 precision=32 bn_eval=13
2026-06-20 18:25:42,445 INFO epoch=10 train_loss=0.130947 val_loss=0.110093 val_miou=0.810844 val_iou_water=0.664885 val_f1_water=0.798716 lr=0.00005000 next_lr=0.00005000 no_improve=5 precision=32 bn_eval=13
2026-06-20 18:27:53,518 INFO epoch=11 train_loss=0.126798 val_loss=0.103541 val_miou=0.827738 val_iou_water=0.695983 val_f1_water=0.820743 lr=0.00005000 next_lr=0.00005000 no_improve=0 precision=32 bn_eval=13
2026-06-20 18:30:14,624 INFO epoch=12 train_loss=0.121760 val_loss=0.114619 val_miou=0.830634 val_iou_water=0.701631 val_f1_water=0.824657 lr=0.00005000 next_lr=0.00005000 no_improve=0 precision=32 bn_eval=13
2026-06-20 18:32:34,935 INFO epoch=13 train_loss=0.137919 val_loss=0.106969 val_miou=0.822190 val_iou_water=0.686332 val_f1_water=0.813994 lr=0.00005000 next_lr=0.00005000 no_improve=1 precision=32 bn_eval=13
2026-06-20 18:34:43,959 INFO epoch=14 train_loss=0.126949 val_loss=0.101382 val_miou=0.821352 val_iou_water=0.683671 val_f1_water=0.812120 lr=0.00005000 next_lr=0.00005000 no_improve=2 precision=32 bn_eval=13
2026-06-20 18:36:52,857 INFO epoch=15 train_loss=0.128154 val_loss=0.104342 val_miou=0.839127 val_iou_water=0.716239 val_f1_water=0.834661 lr=0.00005000 next_lr=0.00005000 no_improve=0 precision=32 bn_eval=13
2026-06-20 18:39:13,599 INFO epoch=16 train_loss=0.126181 val_loss=0.242581 val_miou=0.465275 val_iou_water=0.037178 val_f1_water=0.071691 lr=0.00005000 next_lr=0.00005000 no_improve=1 precision=32 bn_eval=13
2026-06-20 18:41:22,448 INFO epoch=17 train_loss=0.143136 val_loss=0.190759 val_miou=0.786770 val_iou_water=0.620530 val_f1_water=0.765836 lr=0.00005000 next_lr=0.00005000 no_improve=2 precision=32 bn_eval=13
2026-06-20 18:43:30,965 INFO epoch=18 train_loss=0.129231 val_loss=0.101130 val_miou=0.816523 val_iou_water=0.674894 val_f1_water=0.805895 lr=0.00005000 next_lr=0.00005000 no_improve=3 precision=32 bn_eval=13
2026-06-20 18:45:40,482 INFO epoch=19 train_loss=0.117452 val_loss=0.096735 val_miou=0.831675 val_iou_water=0.701667 val_f1_water=0.824682 lr=0.00005000 next_lr=0.00002500 no_improve=4 precision=32 bn_eval=13
2026-06-20 18:47:51,101 INFO epoch=20 train_loss=0.104927 val_loss=0.164608 val_miou=0.843449 val_iou_water=0.727914 val_f1_water=0.842535 lr=0.00002500 next_lr=0.00002500 no_improve=0 precision=32 bn_eval=13
2026-06-20 18:50:13,907 INFO epoch=21 train_loss=0.111404 val_loss=0.111162 val_miou=0.830190 val_iou_water=0.699079 val_f1_water=0.822892 lr=0.00002500 next_lr=0.00002500 no_improve=1 precision=32 bn_eval=13
2026-06-20 18:52:22,765 INFO epoch=22 train_loss=0.110333 val_loss=0.106978 val_miou=0.832148 val_iou_water=0.703373 val_f1_water=0.825859 lr=0.00002500 next_lr=0.00002500 no_improve=2 precision=32 bn_eval=13
2026-06-20 18:54:32,083 INFO epoch=23 train_loss=0.111000 val_loss=0.088858 val_miou=0.850327 val_iou_water=0.735229 val_f1_water=0.847415 lr=0.00002500 next_lr=0.00002500 no_improve=0 precision=32 bn_eval=13
2026-06-20 18:56:52,997 INFO epoch=24 train_loss=0.107927 val_loss=0.092735 val_miou=0.831838 val_iou_water=0.701927 val_f1_water=0.824861 lr=0.00002500 next_lr=0.00002500 no_improve=1 precision=32 bn_eval=13
2026-06-20 18:59:02,668 INFO epoch=25 train_loss=0.105919 val_loss=0.112719 val_miou=0.799276 val_iou_water=0.642264 val_f1_water=0.782169 lr=0.00002500 next_lr=0.00002500 no_improve=2 precision=32 bn_eval=13
2026-06-20 19:01:11,857 INFO epoch=26 train_loss=0.106849 val_loss=0.087137 val_miou=0.848234 val_iou_water=0.731272 val_f1_water=0.844780 lr=0.00002500 next_lr=0.00002500 no_improve=3 precision=32 bn_eval=13
2026-06-20 19:03:20,354 INFO epoch=27 train_loss=0.109024 val_loss=0.090010 val_miou=0.836876 val_iou_water=0.711084 val_f1_water=0.831150 lr=0.00002500 next_lr=0.00001250 no_improve=4 precision=32 bn_eval=13
2026-06-20 19:05:29,376 INFO epoch=28 train_loss=0.099844 val_loss=0.087437 val_miou=0.838299 val_iou_water=0.713145 val_f1_water=0.832556 lr=0.00001250 next_lr=0.00001250 no_improve=5 precision=32 bn_eval=13
2026-06-20 19:07:38,274 INFO epoch=29 train_loss=0.099773 val_loss=0.086118 val_miou=0.844885 val_iou_water=0.725505 val_f1_water=0.840919 lr=0.00001250 next_lr=0.00001250 no_improve=6 precision=32 bn_eval=13
2026-06-20 19:09:47,120 INFO epoch=30 train_loss=0.097298 val_loss=0.094162 val_miou=0.821165 val_iou_water=0.681810 val_f1_water=0.810805 lr=0.00001250 next_lr=0.00001250 no_improve=7 precision=32 bn_eval=13
2026-06-20 19:09:47,121 INFO Early stopping at epoch=30: validation_miou did not improve for 7 epochs after epoch 23
2026-06-20 19:10:35,120 INFO Saved 86 valid predictions to E:\flood_research\experiments\terramind_baseline\runs\step5o_terramind_l_upernet_long_classical_training\predictions\valid
2026-06-20 19:10:35,122 INFO Running evaluator: E:\flood_research\venvs\terramind-gpu\Scripts\python.exe C:\Users\Karim\Desktop\flood-segmentation-training\physics-informed-flood-segmentation\scripts\05_evaluate_predictions.py --prediction-dir E:\flood_research\experiments\terramind_baseline\runs\step5o_terramind_l_upernet_long_classical_training\predictions\valid --manifest-csv E:\flood_research\experiments\terramind_baseline\runs\step5e_tiny_unetdecoder_baseline\manifests\sen1floods11_handlabeled_index_e_paths.csv --output-csv E:\flood_research\experiments\terramind_baseline\runs\step5o_terramind_l_upernet_long_classical_training\metrics\valid_per_tile_metrics.csv --output-grouped-csv E:\flood_research\experiments\terramind_baseline\runs\step5o_terramind_l_upernet_long_classical_training\metrics\valid_grouped_metrics.csv --output-summary-json E:\flood_research\experiments\terramind_baseline\runs\step5o_terramind_l_upernet_long_classical_training\metrics\valid_summary.json --split valid
2026-06-20 19:11:11,718 INFO Saved 89 test predictions to E:\flood_research\experiments\terramind_baseline\runs\step5o_terramind_l_upernet_long_classical_training\predictions\test
2026-06-20 19:11:11,722 INFO Running evaluator: E:\flood_research\venvs\terramind-gpu\Scripts\python.exe C:\Users\Karim\Desktop\flood-segmentation-training\physics-informed-flood-segmentation\scripts\05_evaluate_predictions.py --prediction-dir E:\flood_research\experiments\terramind_baseline\runs\step5o_terramind_l_upernet_long_classical_training\predictions\test --manifest-csv E:\flood_research\experiments\terramind_baseline\runs\step5e_tiny_unetdecoder_baseline\manifests\sen1floods11_handlabeled_index_e_paths.csv --output-csv E:\flood_research\experiments\terramind_baseline\runs\step5o_terramind_l_upernet_long_classical_training\metrics\test_per_tile_metrics.csv --output-grouped-csv E:\flood_research\experiments\terramind_baseline\runs\step5o_terramind_l_upernet_long_classical_training\metrics\test_grouped_metrics.csv --output-summary-json E:\flood_research\experiments\terramind_baseline\runs\step5o_terramind_l_upernet_long_classical_training\metrics\test_summary.json --split test
2026-06-20 19:11:22,171 INFO Saved 15 bolivia predictions to E:\flood_research\experiments\terramind_baseline\runs\step5o_terramind_l_upernet_long_classical_training\predictions\bolivia
2026-06-20 19:11:22,173 INFO Running evaluator: E:\flood_research\venvs\terramind-gpu\Scripts\python.exe C:\Users\Karim\Desktop\flood-segmentation-training\physics-informed-flood-segmentation\scripts\05_evaluate_predictions.py --prediction-dir E:\flood_research\experiments\terramind_baseline\runs\step5o_terramind_l_upernet_long_classical_training\predictions\bolivia --manifest-csv E:\flood_research\experiments\terramind_baseline\runs\step5e_tiny_unetdecoder_baseline\manifests\sen1floods11_handlabeled_index_e_paths.csv --output-csv E:\flood_research\experiments\terramind_baseline\runs\step5o_terramind_l_upernet_long_classical_training\metrics\bolivia_per_tile_metrics.csv --output-grouped-csv E:\flood_research\experiments\terramind_baseline\runs\step5o_terramind_l_upernet_long_classical_training\metrics\bolivia_grouped_metrics.csv --output-summary-json E:\flood_research\experiments\terramind_baseline\runs\step5o_terramind_l_upernet_long_classical_training\metrics\bolivia_summary.json --split bolivia
2026-06-20 19:11:22,942 INFO STEP 5O complete. Human validation required before starting STEP 6A — implement the first physics-informed topographic loss on the selected final baseline.
