2026-06-21 12:08:03,316 INFO Starting STEP 5P big/production classical TerraMind-L pretrained + UPerNet training.
2026-06-21 12:08:03,518 INFO No physics loss, DARN, STURM-Flood training, architecture experiment, raw-data modification, or STEP 5N overwrite will be started.
2026-06-21 12:08:30,023 INFO STEP 5P pre-training smoke: forward, backward, and one AdamW step on a disposable model.
2026-06-21 12:09:09,938 INFO STEP 5P pre-training smoke OK: loss=474.593903 peak_alloc=5322.84 MB
2026-06-21 12:11:53,390 INFO epoch=1 train_loss=14.673007 val_loss=0.152993 val_miou=0.780871 val_iou_water=0.617137 val_f1_water=0.763246 lr=0.00010000 next_lr=0.00010000 no_improve=0 precision=32 bn_eval=13
2026-06-21 12:14:02,894 INFO epoch=2 train_loss=0.186855 val_loss=0.178543 val_miou=0.743966 val_iou_water=0.543225 val_f1_water=0.704013 lr=0.00010000 next_lr=0.00010000 no_improve=1 precision=32 bn_eval=13
2026-06-21 12:16:01,510 INFO epoch=3 train_loss=0.153745 val_loss=0.146246 val_miou=0.755679 val_iou_water=0.565209 val_f1_water=0.722215 lr=0.00010000 next_lr=0.00010000 no_improve=2 precision=32 bn_eval=13
2026-06-21 12:17:59,991 INFO epoch=4 train_loss=0.139061 val_loss=0.120343 val_miou=0.812637 val_iou_water=0.673678 val_f1_water=0.805027 lr=0.00010000 next_lr=0.00010000 no_improve=0 precision=32 bn_eval=13
2026-06-21 12:20:13,928 INFO epoch=5 train_loss=0.166526 val_loss=0.119823 val_miou=0.781754 val_iou_water=0.612362 val_f1_water=0.759583 lr=0.00010000 next_lr=0.00010000 no_improve=1 precision=32 bn_eval=13
2026-06-21 12:22:12,727 INFO epoch=6 train_loss=0.148652 val_loss=0.114433 val_miou=0.823816 val_iou_water=0.690674 val_f1_water=0.817040 lr=0.00010000 next_lr=0.00010000 no_improve=0 precision=32 bn_eval=13
2026-06-21 12:24:24,515 INFO epoch=7 train_loss=0.160010 val_loss=0.112451 val_miou=0.801133 val_iou_water=0.648450 val_f1_water=0.786739 lr=0.00010000 next_lr=0.00010000 no_improve=1 precision=32 bn_eval=13
2026-06-21 12:26:24,279 INFO epoch=8 train_loss=0.217364 val_loss=0.124799 val_miou=0.813417 val_iou_water=0.674455 val_f1_water=0.805582 lr=0.00010000 next_lr=0.00010000 no_improve=2 precision=32 bn_eval=13
2026-06-21 12:28:23,621 INFO epoch=9 train_loss=0.176498 val_loss=0.111140 val_miou=0.807733 val_iou_water=0.660235 val_f1_water=0.795351 lr=0.00010000 next_lr=0.00010000 no_improve=3 precision=32 bn_eval=13
2026-06-21 12:30:22,755 INFO epoch=10 train_loss=0.158394 val_loss=0.121500 val_miou=0.761718 val_iou_water=0.574972 val_f1_water=0.730136 lr=0.00010000 next_lr=0.00005000 no_improve=4 precision=32 bn_eval=13
2026-06-21 12:32:21,701 INFO epoch=11 train_loss=0.143964 val_loss=0.109216 val_miou=0.835874 val_iou_water=0.712134 val_f1_water=0.831867 lr=0.00005000 next_lr=0.00005000 no_improve=0 precision=32 bn_eval=13
2026-06-21 12:34:34,728 INFO epoch=12 train_loss=0.125131 val_loss=0.119511 val_miou=0.819572 val_iou_water=0.682820 val_f1_water=0.811519 lr=0.00005000 next_lr=0.00005000 no_improve=1 precision=32 bn_eval=13
2026-06-21 12:36:33,796 INFO epoch=13 train_loss=0.135015 val_loss=0.104819 val_miou=0.825678 val_iou_water=0.693618 val_f1_water=0.819096 lr=0.00005000 next_lr=0.00005000 no_improve=2 precision=32 bn_eval=13
2026-06-21 12:38:32,897 INFO epoch=14 train_loss=0.119478 val_loss=0.106154 val_miou=0.818271 val_iou_water=0.678470 val_f1_water=0.808439 lr=0.00005000 next_lr=0.00005000 no_improve=3 precision=32 bn_eval=13
2026-06-21 12:40:32,501 INFO epoch=15 train_loss=0.125804 val_loss=0.096800 val_miou=0.846118 val_iou_water=0.728556 val_f1_water=0.842965 lr=0.00005000 next_lr=0.00005000 no_improve=0 precision=32 bn_eval=13
2026-06-21 12:42:44,919 INFO epoch=16 train_loss=0.112524 val_loss=0.243584 val_miou=0.779282 val_iou_water=0.624925 val_f1_water=0.769174 lr=0.00005000 next_lr=0.00005000 no_improve=1 precision=32 bn_eval=13
2026-06-21 12:44:44,193 INFO epoch=17 train_loss=0.128114 val_loss=0.183458 val_miou=0.818281 val_iou_water=0.678205 val_f1_water=0.808251 lr=0.00005000 next_lr=0.00005000 no_improve=2 precision=32 bn_eval=13
2026-06-21 12:46:43,140 INFO epoch=18 train_loss=0.137363 val_loss=0.110736 val_miou=0.816258 val_iou_water=0.673971 val_f1_water=0.805236 lr=0.00005000 next_lr=0.00005000 no_improve=3 precision=32 bn_eval=13
2026-06-21 12:48:42,485 INFO epoch=19 train_loss=0.129957 val_loss=0.111216 val_miou=0.808306 val_iou_water=0.659447 val_f1_water=0.794779 lr=0.00005000 next_lr=0.00002500 no_improve=4 precision=32 bn_eval=13
2026-06-21 12:50:41,987 INFO epoch=20 train_loss=0.112420 val_loss=0.210684 val_miou=0.829785 val_iou_water=0.705823 val_f1_water=0.827546 lr=0.00002500 next_lr=0.00002500 no_improve=5 precision=32 bn_eval=13
2026-06-21 12:52:41,689 INFO epoch=21 train_loss=0.117175 val_loss=0.097200 val_miou=0.843382 val_iou_water=0.725421 val_f1_water=0.840863 lr=0.00002500 next_lr=0.00002500 no_improve=6 precision=32 bn_eval=13
2026-06-21 12:54:41,394 INFO epoch=22 train_loss=0.106947 val_loss=0.106644 val_miou=0.826370 val_iou_water=0.692133 val_f1_water=0.818060 lr=0.00002500 next_lr=0.00002500 no_improve=7 precision=32 bn_eval=13
2026-06-21 12:56:40,656 INFO epoch=23 train_loss=0.117736 val_loss=0.091868 val_miou=0.845998 val_iou_water=0.727823 val_f1_water=0.842474 lr=0.00002500 next_lr=0.00001250 no_improve=8 precision=32 bn_eval=13
2026-06-21 12:58:39,905 INFO epoch=24 train_loss=0.098055 val_loss=0.089850 val_miou=0.834689 val_iou_water=0.707315 val_f1_water=0.828570 lr=0.00001250 next_lr=0.00001250 no_improve=9 precision=32 bn_eval=13
2026-06-21 13:00:39,536 INFO epoch=25 train_loss=0.098387 val_loss=0.101772 val_miou=0.795586 val_iou_water=0.635579 val_f1_water=0.777191 lr=0.00001250 next_lr=0.00001250 no_improve=10 precision=32 bn_eval=13
2026-06-21 13:02:38,589 INFO epoch=26 train_loss=0.097027 val_loss=0.087557 val_miou=0.845955 val_iou_water=0.727499 val_f1_water=0.842257 lr=0.00001250 next_lr=0.00001250 no_improve=11 precision=32 bn_eval=13
2026-06-21 13:04:37,356 INFO epoch=27 train_loss=0.095590 val_loss=0.087885 val_miou=0.837132 val_iou_water=0.711496 val_f1_water=0.831431 lr=0.00001250 next_lr=0.00000625 no_improve=12 precision=32 bn_eval=13
2026-06-21 13:06:36,061 INFO epoch=28 train_loss=0.090752 val_loss=0.086327 val_miou=0.839555 val_iou_water=0.715633 val_f1_water=0.834249 lr=0.00000625 next_lr=0.00000625 no_improve=13 precision=32 bn_eval=13
2026-06-21 13:08:34,648 INFO epoch=29 train_loss=0.091357 val_loss=0.085921 val_miou=0.843145 val_iou_water=0.722563 val_f1_water=0.838939 lr=0.00000625 next_lr=0.00000625 no_improve=14 precision=32 bn_eval=13
2026-06-21 13:10:33,345 INFO epoch=30 train_loss=0.089120 val_loss=0.088772 val_miou=0.829313 val_iou_water=0.696862 val_f1_water=0.821353 lr=0.00000625 next_lr=0.00000625 no_improve=15 precision=32 bn_eval=13
2026-06-21 13:10:33,347 INFO Early stopping at epoch=30: validation_miou did not improve for 15 epochs after epoch 15
2026-06-21 13:12:20,562 INFO Saved 86 valid predictions to E:\flood_research\experiments\terramind_baseline\runs\step5p_terramind_l_upernet_big_classical_training\predictions\valid
2026-06-21 13:12:20,589 INFO Running evaluator: E:\flood_research\venvs\terramind-gpu\Scripts\python.exe C:\Users\Karim\Desktop\flood-segmentation-training\physics-informed-flood-segmentation\scripts\05_evaluate_predictions.py --prediction-dir E:\flood_research\experiments\terramind_baseline\runs\step5p_terramind_l_upernet_big_classical_training\predictions\valid --manifest-csv E:\flood_research\experiments\terramind_baseline\runs\step5e_tiny_unetdecoder_baseline\manifests\sen1floods11_handlabeled_index_e_paths.csv --output-csv E:\flood_research\experiments\terramind_baseline\runs\step5p_terramind_l_upernet_big_classical_training\metrics\valid_per_tile_metrics.csv --output-grouped-csv E:\flood_research\experiments\terramind_baseline\runs\step5p_terramind_l_upernet_big_classical_training\metrics\valid_grouped_metrics.csv --output-summary-json E:\flood_research\experiments\terramind_baseline\runs\step5p_terramind_l_upernet_big_classical_training\metrics\valid_summary.json --split valid
2026-06-21 13:12:56,674 INFO Saved 89 test predictions to E:\flood_research\experiments\terramind_baseline\runs\step5p_terramind_l_upernet_big_classical_training\predictions\test
2026-06-21 13:12:56,677 INFO Running evaluator: E:\flood_research\venvs\terramind-gpu\Scripts\python.exe C:\Users\Karim\Desktop\flood-segmentation-training\physics-informed-flood-segmentation\scripts\05_evaluate_predictions.py --prediction-dir E:\flood_research\experiments\terramind_baseline\runs\step5p_terramind_l_upernet_big_classical_training\predictions\test --manifest-csv E:\flood_research\experiments\terramind_baseline\runs\step5e_tiny_unetdecoder_baseline\manifests\sen1floods11_handlabeled_index_e_paths.csv --output-csv E:\flood_research\experiments\terramind_baseline\runs\step5p_terramind_l_upernet_big_classical_training\metrics\test_per_tile_metrics.csv --output-grouped-csv E:\flood_research\experiments\terramind_baseline\runs\step5p_terramind_l_upernet_big_classical_training\metrics\test_grouped_metrics.csv --output-summary-json E:\flood_research\experiments\terramind_baseline\runs\step5p_terramind_l_upernet_big_classical_training\metrics\test_summary.json --split test
2026-06-21 13:13:06,927 INFO Saved 15 bolivia predictions to E:\flood_research\experiments\terramind_baseline\runs\step5p_terramind_l_upernet_big_classical_training\predictions\bolivia
2026-06-21 13:13:06,929 INFO Running evaluator: E:\flood_research\venvs\terramind-gpu\Scripts\python.exe C:\Users\Karim\Desktop\flood-segmentation-training\physics-informed-flood-segmentation\scripts\05_evaluate_predictions.py --prediction-dir E:\flood_research\experiments\terramind_baseline\runs\step5p_terramind_l_upernet_big_classical_training\predictions\bolivia --manifest-csv E:\flood_research\experiments\terramind_baseline\runs\step5e_tiny_unetdecoder_baseline\manifests\sen1floods11_handlabeled_index_e_paths.csv --output-csv E:\flood_research\experiments\terramind_baseline\runs\step5p_terramind_l_upernet_big_classical_training\metrics\bolivia_per_tile_metrics.csv --output-grouped-csv E:\flood_research\experiments\terramind_baseline\runs\step5p_terramind_l_upernet_big_classical_training\metrics\bolivia_grouped_metrics.csv --output-summary-json E:\flood_research\experiments\terramind_baseline\runs\step5p_terramind_l_upernet_big_classical_training\metrics\bolivia_summary.json --split bolivia
2026-06-21 13:13:07,673 INFO STEP 5P complete. Human validation required before starting STEP 6A — implement the first physics-informed topographic loss on the selected final baseline.
