2026-06-20 10:45:39,979 INFO Starting STEP 5E TerraMind tiny + UNetDecoder baseline training.
2026-06-20 10:45:40,022 INFO UPerNet, DARN, STURM-Flood training, physics loss, and TerraMind small/base are disabled.
2026-06-20 10:45:40,203 INFO Attempting cached official TerraMind tiny pretrained initialization.
2026-06-20 10:45:56,810 WARNING Cached official pretrained initialization failed: huggingface_hub.errors.LocalEntryNotFoundError: An error happened while trying to locate the file on the Hub and we cannot find the requested files in the local cache. Please check your connection and try again or make sure your Internet connection is on.
2026-06-20 10:45:56,815 INFO Falling back to documented non-pretrained baseline before training starts.
2026-06-20 10:47:35,826 INFO epoch=1 train_loss=0.564631 val_loss=0.410765 val_miou=0.783617 val_iou_water=0.625840 precision=16-mixed
2026-06-20 10:48:22,923 INFO epoch=2 train_loss=0.439023 val_loss=0.330091 val_miou=0.775630 val_iou_water=0.606596 precision=16-mixed
2026-06-20 10:49:09,613 INFO epoch=3 train_loss=0.356852 val_loss=0.328513 val_miou=0.746901 val_iou_water=0.567265 precision=16-mixed
2026-06-20 10:49:32,917 ERROR 16-mixed step failed; retrying current step in precision 32.
Traceback (most recent call last):
  File "E:\flood_research\experiments\terramind_baseline\scripts\step5e_tiny_unetdecoder_train.py", line 462, in train_fit
    raise FloatingPointError(f"Non-finite loss at step {global_step}: {loss.item()}")
FloatingPointError: Non-finite loss at step 457: nan
2026-06-20 10:49:57,388 INFO epoch=4 train_loss=0.301707 val_loss=nan val_miou=0.444872 val_iou_water=0.000000 precision=32
2026-06-20 10:50:46,166 INFO epoch=5 train_loss=0.273055 val_loss=nan val_miou=0.444872 val_iou_water=0.000000 precision=32
2026-06-20 10:51:09,137 INFO Saved 86 valid predictions to E:\flood_research\experiments\terramind_baseline\runs\step5e_tiny_unetdecoder_baseline\predictions\valid
2026-06-20 10:51:09,140 INFO Running evaluator: E:\flood_research\venvs\terramind-gpu\Scripts\python.exe C:\Users\Karim\Desktop\flood-segmentation-training\physics-informed-flood-segmentation\scripts\05_evaluate_predictions.py --prediction-dir E:\flood_research\experiments\terramind_baseline\runs\step5e_tiny_unetdecoder_baseline\predictions\valid --manifest-csv E:\flood_research\experiments\terramind_baseline\runs\step5e_tiny_unetdecoder_baseline\manifests\sen1floods11_handlabeled_index_e_paths.csv --output-csv E:\flood_research\experiments\terramind_baseline\runs\step5e_tiny_unetdecoder_baseline\metrics\valid_per_tile_metrics.csv --output-grouped-csv E:\flood_research\experiments\terramind_baseline\runs\step5e_tiny_unetdecoder_baseline\metrics\valid_grouped_metrics.csv --output-summary-json E:\flood_research\experiments\terramind_baseline\runs\step5e_tiny_unetdecoder_baseline\metrics\valid_summary.json --split valid
2026-06-20 10:51:41,971 INFO Saved 89 test predictions to E:\flood_research\experiments\terramind_baseline\runs\step5e_tiny_unetdecoder_baseline\predictions\test
2026-06-20 10:51:41,973 INFO Running evaluator: E:\flood_research\venvs\terramind-gpu\Scripts\python.exe C:\Users\Karim\Desktop\flood-segmentation-training\physics-informed-flood-segmentation\scripts\05_evaluate_predictions.py --prediction-dir E:\flood_research\experiments\terramind_baseline\runs\step5e_tiny_unetdecoder_baseline\predictions\test --manifest-csv E:\flood_research\experiments\terramind_baseline\runs\step5e_tiny_unetdecoder_baseline\manifests\sen1floods11_handlabeled_index_e_paths.csv --output-csv E:\flood_research\experiments\terramind_baseline\runs\step5e_tiny_unetdecoder_baseline\metrics\test_per_tile_metrics.csv --output-grouped-csv E:\flood_research\experiments\terramind_baseline\runs\step5e_tiny_unetdecoder_baseline\metrics\test_grouped_metrics.csv --output-summary-json E:\flood_research\experiments\terramind_baseline\runs\step5e_tiny_unetdecoder_baseline\metrics\test_summary.json --split test
2026-06-20 10:51:50,429 INFO Saved 15 bolivia predictions to E:\flood_research\experiments\terramind_baseline\runs\step5e_tiny_unetdecoder_baseline\predictions\bolivia
2026-06-20 10:51:50,433 INFO Running evaluator: E:\flood_research\venvs\terramind-gpu\Scripts\python.exe C:\Users\Karim\Desktop\flood-segmentation-training\physics-informed-flood-segmentation\scripts\05_evaluate_predictions.py --prediction-dir E:\flood_research\experiments\terramind_baseline\runs\step5e_tiny_unetdecoder_baseline\predictions\bolivia --manifest-csv E:\flood_research\experiments\terramind_baseline\runs\step5e_tiny_unetdecoder_baseline\manifests\sen1floods11_handlabeled_index_e_paths.csv --output-csv E:\flood_research\experiments\terramind_baseline\runs\step5e_tiny_unetdecoder_baseline\metrics\bolivia_per_tile_metrics.csv --output-grouped-csv E:\flood_research\experiments\terramind_baseline\runs\step5e_tiny_unetdecoder_baseline\metrics\bolivia_grouped_metrics.csv --output-summary-json E:\flood_research\experiments\terramind_baseline\runs\step5e_tiny_unetdecoder_baseline\metrics\bolivia_summary.json --split bolivia
2026-06-20 10:51:51,099 INFO STEP 5E summary written to E:\flood_research\experiments\terramind_baseline\runs\step5e_tiny_unetdecoder_baseline\metrics\step5e_summary.json
2026-06-20 10:51:51,102 INFO STEP 5E report written to C:\Users\Karim\Desktop\flood-segmentation-training\physics-informed-flood-segmentation\reports\STEP_5E_tiny_unetdecoder_baseline_training_report.md
2026-06-20 10:51:51,103 INFO STEP 5E complete. Human validation required before STEP 5F.
