2026-06-20 11:55:31,470 INFO Starting STEP 5H small pretrained baseline.
2026-06-20 11:55:31,529 INFO No TerraMind base, UPerNet, DARN, STURM-Flood, physics loss, or raw-data modification will be started.
2026-06-20 11:55:31,793 INFO Downloading official TerraMind small checkpoint from https://huggingface.co/ibm-esa-geospatial/TerraMind-1.0-small/resolve/main/TerraMind_v1_small.pt
2026-06-20 11:55:33,618 INFO Downloaded 64.0 MiB
2026-06-20 11:55:35,189 INFO Downloaded 128.0 MiB
2026-06-20 11:55:36,221 INFO Downloaded 192.0 MiB
2026-06-20 11:55:37,290 INFO Downloaded 256.0 MiB
2026-06-20 11:55:38,343 INFO Downloaded 320.0 MiB
2026-06-20 11:55:39,418 INFO Downloaded 384.0 MiB
2026-06-20 11:55:40,481 INFO Downloaded 448.0 MiB
2026-06-20 11:55:42,017 INFO Verified TerraMind small checkpoint at E:\flood_research\experiments\terramind_baseline\checkpoints\pretrained\TerraMind_v1_small.pt
2026-06-20 11:55:42,051 INFO Running STEP 5H small pretrained smoke forward.
2026-06-20 11:55:55,358 INFO Smoke forward OK: output_shape=[1, 2, 512, 512] loss=0.806018
2026-06-20 11:56:57,468 INFO epoch=1 train_loss=0.372727 val_loss=0.349639 val_miou=0.743877 val_iou_water=0.570566 precision=32
2026-06-20 11:57:58,843 INFO epoch=2 train_loss=0.249258 val_loss=0.174070 val_miou=0.825901 val_iou_water=0.693156 precision=32
2026-06-20 11:59:00,437 INFO epoch=3 train_loss=0.197778 val_loss=0.233633 val_miou=0.822293 val_iou_water=0.691639 precision=32
2026-06-20 12:00:01,637 INFO epoch=4 train_loss=0.177567 val_loss=0.177158 val_miou=0.769311 val_iou_water=0.609611 precision=32
2026-06-20 12:01:01,864 INFO epoch=5 train_loss=0.159950 val_loss=0.116932 val_miou=0.829888 val_iou_water=0.699929 precision=32
2026-06-20 12:01:19,851 INFO Saved 86 valid predictions to E:\flood_research\experiments\terramind_baseline\runs\step5h_small_unetdecoder_pretrained\predictions\valid
2026-06-20 12:01:19,855 INFO Running evaluator: E:\flood_research\venvs\terramind-gpu\Scripts\python.exe C:\Users\Karim\Desktop\flood-segmentation-training\physics-informed-flood-segmentation\scripts\05_evaluate_predictions.py --prediction-dir E:\flood_research\experiments\terramind_baseline\runs\step5h_small_unetdecoder_pretrained\predictions\valid --manifest-csv E:\flood_research\experiments\terramind_baseline\runs\step5e_tiny_unetdecoder_baseline\manifests\sen1floods11_handlabeled_index_e_paths.csv --output-csv E:\flood_research\experiments\terramind_baseline\runs\step5h_small_unetdecoder_pretrained\metrics\valid_per_tile_metrics.csv --output-grouped-csv E:\flood_research\experiments\terramind_baseline\runs\step5h_small_unetdecoder_pretrained\metrics\valid_grouped_metrics.csv --output-summary-json E:\flood_research\experiments\terramind_baseline\runs\step5h_small_unetdecoder_pretrained\metrics\valid_summary.json --split valid
2026-06-20 12:01:38,265 INFO Saved 89 test predictions to E:\flood_research\experiments\terramind_baseline\runs\step5h_small_unetdecoder_pretrained\predictions\test
2026-06-20 12:01:38,267 INFO Running evaluator: E:\flood_research\venvs\terramind-gpu\Scripts\python.exe C:\Users\Karim\Desktop\flood-segmentation-training\physics-informed-flood-segmentation\scripts\05_evaluate_predictions.py --prediction-dir E:\flood_research\experiments\terramind_baseline\runs\step5h_small_unetdecoder_pretrained\predictions\test --manifest-csv E:\flood_research\experiments\terramind_baseline\runs\step5e_tiny_unetdecoder_baseline\manifests\sen1floods11_handlabeled_index_e_paths.csv --output-csv E:\flood_research\experiments\terramind_baseline\runs\step5h_small_unetdecoder_pretrained\metrics\test_per_tile_metrics.csv --output-grouped-csv E:\flood_research\experiments\terramind_baseline\runs\step5h_small_unetdecoder_pretrained\metrics\test_grouped_metrics.csv --output-summary-json E:\flood_research\experiments\terramind_baseline\runs\step5h_small_unetdecoder_pretrained\metrics\test_summary.json --split test
2026-06-20 12:01:45,449 INFO Saved 15 bolivia predictions to E:\flood_research\experiments\terramind_baseline\runs\step5h_small_unetdecoder_pretrained\predictions\bolivia
2026-06-20 12:01:45,451 INFO Running evaluator: E:\flood_research\venvs\terramind-gpu\Scripts\python.exe C:\Users\Karim\Desktop\flood-segmentation-training\physics-informed-flood-segmentation\scripts\05_evaluate_predictions.py --prediction-dir E:\flood_research\experiments\terramind_baseline\runs\step5h_small_unetdecoder_pretrained\predictions\bolivia --manifest-csv E:\flood_research\experiments\terramind_baseline\runs\step5e_tiny_unetdecoder_baseline\manifests\sen1floods11_handlabeled_index_e_paths.csv --output-csv E:\flood_research\experiments\terramind_baseline\runs\step5h_small_unetdecoder_pretrained\metrics\bolivia_per_tile_metrics.csv --output-grouped-csv E:\flood_research\experiments\terramind_baseline\runs\step5h_small_unetdecoder_pretrained\metrics\bolivia_grouped_metrics.csv --output-summary-json E:\flood_research\experiments\terramind_baseline\runs\step5h_small_unetdecoder_pretrained\metrics\bolivia_summary.json --split bolivia
2026-06-20 12:01:46,100 INFO STEP 5H complete. Human validation required before starting STEP 5I — scale TerraMind baseline to base or longer stable small training.
